[debug] [2025-09-23T14:19:32.209Z] ----------------------------------------------------------------------
[debug] [2025-09-23T14:19:32.213Z] Command:       /usr/local/bin/node /usr/local/bin/firebase init
[debug] [2025-09-23T14:19:32.213Z] CLI Version:   14.17.0
[debug] [2025-09-23T14:19:32.213Z] Platform:      darwin
[debug] [2025-09-23T14:19:32.213Z] Node Version:  v22.19.0
[debug] [2025-09-23T14:19:32.214Z] Time:          Tue Sep 23 2025 19:49:32 GMT+0530 (India Standard Time)
[debug] [2025-09-23T14:19:32.214Z] ----------------------------------------------------------------------
[debug] 
[debug] [2025-09-23T14:19:32.217Z] > command requires scopes: ["email","openid","https://www.googleapis.com/auth/cloudplatformprojects.readonly","https://www.googleapis.com/auth/firebase","https://www.googleapis.com/auth/cloud-platform"]
[debug] [2025-09-23T14:19:32.217Z] > authorizing via signed-in user (raghu.k@reached.co.in)
[info] 
     ######## #### ########  ######## ########     ###     ######  ########
     ##        ##  ##     ## ##       ##     ##  ##   ##  ##       ##
     ######    ##  ########  ######   ########  #########  ######  ######
     ##        ##  ##    ##  ##       ##     ## ##     ##       ## ##
     ##       #### ##     ## ######## ########  ##     ##  ######  ########

You're about to initialize a Firebase project in this directory:

  /Users/reachedtech/Desktop/OMNIEDU/FrontEnd

[info] 
=== Project Setup
[info] 
[info] First, let's associate this project directory with a Firebase project.
[info] You can create multiple project aliases by running firebase use --add, 
[info] but for now we'll just set up a default project.
[info] 
[debug] [2025-09-23T14:19:38.651Z] Using project from CLI flag: omniedutest
[debug] [2025-09-23T14:19:38.652Z] Checked if tokens are valid: true, expires at: 1758640321337
[debug] [2025-09-23T14:19:38.652Z] Checked if tokens are valid: true, expires at: 1758640321337
[debug] [2025-09-23T14:19:38.653Z] >>> [apiv2][query] GET https://firebase.googleapis.com/v1beta1/projects/omniedutest [none]
[debug] [2025-09-23T14:19:39.179Z] <<< [apiv2][status] GET https://firebase.googleapis.com/v1beta1/projects/omniedutest 403
[debug] [2025-09-23T14:19:39.179Z] <<< [apiv2][body] GET https://firebase.googleapis.com/v1beta1/projects/omniedutest {"error":{"code":403,"message":"The caller does not have permission","status":"PERMISSION_DENIED"}}
[debug] [2025-09-23T14:19:39.180Z] Request to https://firebase.googleapis.com/v1beta1/projects/omniedutest had HTTP Error: 403, The caller does not have permission
[debug] [2025-09-23T14:19:39.313Z] FirebaseError: Request to https://firebase.googleapis.com/v1beta1/projects/omniedutest had HTTP Error: 403, The caller does not have permission
    at responseToError (/usr/local/lib/node_modules/firebase-tools/lib/responseToError.js:52:12)
    at RetryOperation._fn (/usr/local/lib/node_modules/firebase-tools/lib/apiv2.js:312:77)
    at process.processTicksAndRejections (node:internal/process/task_queues:105:5)
[error] 
[error] Error: Failed to get Firebase project omniedutest. Please make sure the project exists and your account has permission to access it.
